app/build/intermediates/manifest_merge_blame_file/debug/manifest-merger-blame-debug-report.txt
1<?xml version="1.0" encoding="utf-8"?>
2<manifest xmlns:android="http://schemas.android.com/apk/res/android"
3    package="alessandro.firebaseandroid"
4    android:versionCode="1"
5    android:versionName="1.0" >
6
7    <uses-sdk
8        android:minSdkVersion="17"
8-->src\main\AndroidManifest.xml
9        android:targetSdkVersion="29" />
9-->src\main\AndroidManifest.xml
10
11    <uses-permission android:name="android.permission.INTERNET" />
11-->src\main\AndroidManifest.xml:5:5-67
11-->src\main\AndroidManifest.xml:5:22-64
12    <uses-permission android:name="android.permission.ACCESS_NETWORK_STATE" />
12-->src\main\AndroidManifest.xml:6:5-79
12-->src\main\AndroidManifest.xml:6:22-76
13    <uses-permission android:name="android.permission.READ_EXTERNAL_STORAGE" />
13-->src\main\AndroidManifest.xml:7:5-80
13-->src\main\AndroidManifest.xml:7:22-77
14    <uses-permission android:name="android.permission.WRITE_EXTERNAL_STORAGE" />
14-->src\main\AndroidManifest.xml:8:5-81
14-->src\main\AndroidManifest.xml:8:22-78
15    <uses-permission android:name="android.permission.ACCESS_FINE_LOCATION" />
15-->src\main\AndroidManifest.xml:9:5-79
15-->src\main\AndroidManifest.xml:9:22-76
16
17    <uses-feature
17-->[com.google.android.gms:play-services-maps:9.2.0] AndroidManifest.xml:22:5-24:33
18        android:glEsVersion="0x00020000"
18-->[com.google.android.gms:play-services-maps:9.2.0] AndroidManifest.xml:23:8-40
19        android:required="true" />
19-->[com.google.android.gms:play-services-maps:9.2.0] AndroidManifest.xml:24:8-31
20
21    <uses-permission android:name="android.permission.WAKE_LOCK" />
21-->[com.google.android.gms:play-services-measurement-sdk-api:17.1.0] AndroidManifest.xml:25:5-68
21-->[com.google.android.gms:play-services-measurement-sdk-api:17.1.0] AndroidManifest.xml:25:22-65
22
23    <application
23-->src\main\AndroidManifest.xml:11:5-43:19
24        android:allowBackup="true"
24-->src\main\AndroidManifest.xml:12:9-35
25        android:appComponentFactory="androidx.core.app.CoreComponentFactory"
25-->[androidx.core:core:1.0.0] AndroidManifest.xml:22:18-86
26        android:debuggable="true"
27        android:icon="@mipmap/ic_launcher"
27-->src\main\AndroidManifest.xml:13:9-43
28        android:label="@string/app_name"
28-->src\main\AndroidManifest.xml:14:9-41
29        android:supportsRtl="true"
29-->src\main\AndroidManifest.xml:15:9-35
30        android:theme="@style/AppTheme" >
30-->src\main\AndroidManifest.xml:16:9-40
31        <meta-data
31-->src\main\AndroidManifest.xml:17:9-19:61
32            android:name="com.google.android.geo.API_KEY"
32-->src\main\AndroidManifest.xml:18:13-58
33            android:value="@string/api_key_google_places" />
33-->src\main\AndroidManifest.xml:19:13-58
34
35        <activity android:name="alessandro.firebaseandroid.MainActivity" >
35-->src\main\AndroidManifest.xml:21:9-27:20
35-->src\main\AndroidManifest.xml:21:19-47
36            <intent-filter>
36-->src\main\AndroidManifest.xml:22:13-26:29
37                <action android:name="android.intent.action.MAIN" />
37-->src\main\AndroidManifest.xml:23:17-69
37-->src\main\AndroidManifest.xml:23:25-66
38
39                <category android:name="android.intent.category.LAUNCHER" />
39-->src\main\AndroidManifest.xml:25:17-77
39-->src\main\AndroidManifest.xml:25:27-74
40            </intent-filter>
41        </activity>
42        <activity android:name="alessandro.firebaseandroid.view.LoginActivity" />
42-->src\main\AndroidManifest.xml:28:9-56
42-->src\main\AndroidManifest.xml:28:19-53
43        <activity
43-->src\main\AndroidManifest.xml:29:9-32:20
44            android:name="alessandro.firebaseandroid.view.FullScreenImageActivity"
44-->src\main\AndroidManifest.xml:31:13-57
45            android:theme="@style/AppThemeFullScreenImage" >
45-->src\main\AndroidManifest.xml:30:13-59
46        </activity>
47
48        <provider
49            android:name="android.support.v4.content.FileProvider"
49-->src\main\AndroidManifest.xml:34:13-67
50            android:authorities="alessandro.firebaseandroid.provider"
50-->src\main\AndroidManifest.xml:35:13-60
51            android:exported="false"
51-->src\main\AndroidManifest.xml:36:13-37
52            android:grantUriPermissions="true" >
52-->src\main\AndroidManifest.xml:37:13-47
53            <meta-data
53-->src\main\AndroidManifest.xml:39:13-41:57
54                android:name="android.support.FILE_PROVIDER_PATHS"
54-->src\main\AndroidManifest.xml:40:17-67
55                android:resource="@xml/provider_paths" />
55-->src\main\AndroidManifest.xml:41:17-55
56        </provider>
57
58        <service
58-->[com.google.firebase:firebase-database:19.3.1] AndroidManifest.xml:29:9-35:19
59            android:name="com.google.firebase.components.ComponentDiscoveryService"
59-->[com.google.firebase:firebase-database:19.3.1] AndroidManifest.xml:30:13-84
60            android:directBootAware="true"
60-->[com.google.firebase:firebase-common:19.3.0] AndroidManifest.xml:34:13-43
61            android:exported="false" >
61-->[com.google.firebase:firebase-database:19.3.1] AndroidManifest.xml:31:13-37
62            <meta-data
62-->[com.google.firebase:firebase-database:19.3.1] AndroidManifest.xml:32:13-34:85
63                android:name="com.google.firebase.components:com.google.firebase.database.DatabaseRegistrar"
63-->[com.google.firebase:firebase-database:19.3.1] AndroidManifest.xml:33:17-109
64                android:value="com.google.firebase.components.ComponentRegistrar" />
64-->[com.google.firebase:firebase-database:19.3.1] AndroidManifest.xml:34:17-82
65            <meta-data
65-->[com.google.firebase:firebase-auth:19.3.1] AndroidManifest.xml:36:13-38:85
66                android:name="com.google.firebase.components:com.google.firebase.auth.FirebaseAuthRegistrar"
66-->[com.google.firebase:firebase-auth:19.3.1] AndroidManifest.xml:37:17-109
67                android:value="com.google.firebase.components.ComponentRegistrar" />
67-->[com.google.firebase:firebase-auth:19.3.1] AndroidManifest.xml:38:17-82
68            <meta-data
68-->[com.google.firebase:firebase-storage:19.1.1] AndroidManifest.xml:33:13-35:85
69                android:name="com.google.firebase.components:com.google.firebase.storage.StorageRegistrar"
69-->[com.google.firebase:firebase-storage:19.1.1] AndroidManifest.xml:34:17-107
70                android:value="com.google.firebase.components.ComponentRegistrar" />
70-->[com.google.firebase:firebase-storage:19.1.1] AndroidManifest.xml:35:17-82
71        </service>
72
73        <activity
73-->[com.google.firebase:firebase-auth:19.3.1] AndroidManifest.xml:24:9-31:50
74            android:name="com.google.firebase.auth.internal.FederatedSignInActivity"
74-->[com.google.firebase:firebase-auth:19.3.1] AndroidManifest.xml:25:13-85
75            android:excludeFromRecents="true"
75-->[com.google.firebase:firebase-auth:19.3.1] AndroidManifest.xml:26:13-46
76            android:exported="true"
76-->[com.google.firebase:firebase-auth:19.3.1] AndroidManifest.xml:27:13-36
77            android:launchMode="singleTask"
77-->[com.google.firebase:firebase-auth:19.3.1] AndroidManifest.xml:28:13-44
78            android:permission="com.google.firebase.auth.api.gms.permission.LAUNCH_FEDERATED_SIGN_IN"
78-->[com.google.firebase:firebase-auth:19.3.1] AndroidManifest.xml:29:13-102
79            android:theme="@android:style/Theme.Translucent.NoTitleBar" />
79-->[com.google.firebase:firebase-auth:19.3.1] AndroidManifest.xml:30:13-72
80        <activity
80-->[com.google.android.gms:play-services-auth:11.4.0] AndroidManifest.xml:20:9-189
81            android:name="com.google.android.gms.auth.api.signin.internal.SignInHubActivity"
81-->[com.google.android.gms:play-services-auth:11.4.0] AndroidManifest.xml:20:19-68
82            android:excludeFromRecents="true"
82-->[com.google.android.gms:play-services-auth:11.4.0] AndroidManifest.xml:20:129-162
83            android:exported="false"
83-->[com.google.android.gms:play-services-auth:11.4.0] AndroidManifest.xml:20:163-187
84            android:theme="@android:style/Theme.Translucent.NoTitleBar" />
84-->[com.google.android.gms:play-services-auth:11.4.0] AndroidManifest.xml:20:69-128
85        <!--
86Service handling Google Sign-In user revocation. For apps that do not integrate with
87            Google Sign-In, this service will never be started.
88        -->
89        <service
89-->[com.google.android.gms:play-services-auth:11.4.0] AndroidManifest.xml:24:9-184
90            android:name="com.google.android.gms.auth.api.signin.RevocationBoundService"
90-->[com.google.android.gms:play-services-auth:11.4.0] AndroidManifest.xml:24:18-63
91            android:exported="true"
91-->[com.google.android.gms:play-services-auth:11.4.0] AndroidManifest.xml:24:64-87
92            android:permission="com.google.android.gms.auth.api.signin.permission.REVOCATION_NOTIFICATION" />
92-->[com.google.android.gms:play-services-auth:11.4.0] AndroidManifest.xml:24:88-182
93
94        <provider
94-->[com.google.firebase:firebase-common:19.3.0] AndroidManifest.xml:26:9-30:39
95            android:name="com.google.firebase.provider.FirebaseInitProvider"
95-->[com.google.firebase:firebase-common:19.3.0] AndroidManifest.xml:27:13-77
96            android:authorities="alessandro.firebaseandroid.firebaseinitprovider"
96-->[com.google.firebase:firebase-common:19.3.0] AndroidManifest.xml:28:13-72
97            android:exported="false"
97-->[com.google.firebase:firebase-common:19.3.0] AndroidManifest.xml:29:13-37
98            android:initOrder="100" />
98-->[com.google.firebase:firebase-common:19.3.0] AndroidManifest.xml:30:13-36
99
100        <activity
100-->[com.google.android.gms:play-services-base:17.1.0] AndroidManifest.xml:23:9-26:75
101            android:name="com.google.android.gms.common.api.GoogleApiActivity"
101-->[com.google.android.gms:play-services-base:17.1.0] AndroidManifest.xml:24:13-79
102            android:exported="false"
102-->[com.google.android.gms:play-services-base:17.1.0] AndroidManifest.xml:25:13-37
103            android:theme="@android:style/Theme.Translucent.NoTitleBar" /> <!-- Include the AdActivity and InAppPurchaseActivity configChanges and themes. -->
103-->[com.google.android.gms:play-services-base:17.1.0] AndroidManifest.xml:26:13-72
104        <activity
104-->[com.google.android.gms:play-services-ads-lite:19.2.0] AndroidManifest.xml:29:9-33:64
105            android:name="com.google.android.gms.ads.AdActivity"
105-->[com.google.android.gms:play-services-ads-lite:19.2.0] AndroidManifest.xml:30:13-65
106            android:configChanges="keyboard|keyboardHidden|orientation|screenLayout|uiMode|screenSize|smallestScreenSize"
106-->[com.google.android.gms:play-services-ads-lite:19.2.0] AndroidManifest.xml:31:13-122
107            android:exported="false"
107-->[com.google.android.gms:play-services-ads-lite:19.2.0] AndroidManifest.xml:32:13-37
108            android:theme="@android:style/Theme.Translucent" />
108-->[com.google.android.gms:play-services-ads-lite:19.2.0] AndroidManifest.xml:33:13-61
109
110        <provider
110-->[com.google.android.gms:play-services-ads-lite:19.2.0] AndroidManifest.xml:35:9-39:39
111            android:name="com.google.android.gms.ads.MobileAdsInitProvider"
111-->[com.google.android.gms:play-services-ads-lite:19.2.0] AndroidManifest.xml:36:13-76
112            android:authorities="alessandro.firebaseandroid.mobileadsinitprovider"
112-->[com.google.android.gms:play-services-ads-lite:19.2.0] AndroidManifest.xml:37:13-73
113            android:exported="false"
113-->[com.google.android.gms:play-services-ads-lite:19.2.0] AndroidManifest.xml:38:13-37
114            android:initOrder="100" />
114-->[com.google.android.gms:play-services-ads-lite:19.2.0] AndroidManifest.xml:39:13-36
115
116        <meta-data
116-->[com.google.android.gms:play-services-basement:17.0.0] AndroidManifest.xml:23:9-25:69
117            android:name="com.google.android.gms.version"
117-->[com.google.android.gms:play-services-basement:17.0.0] AndroidManifest.xml:24:13-58
118            android:value="@integer/google_play_services_version" />
118-->[com.google.android.gms:play-services-basement:17.0.0] AndroidManifest.xml:25:13-66
119    </application>
120
121</manifest>